SF:lib\repository\user_preferences.dart
DA:7,1
DA:9,1
DA:10,1
DA:11,2
DA:12,1
DA:14,1
DA:16,1
DA:18,1
DA:22,1
DA:24,1
DA:30,1
DA:32,1
DA:34,1
DA:38,1
DA:40,1
DA:43,1
DA:45,1
DA:47,1
DA:51,1
DA:53,1
LF:20
LH:20
end_of_record
SF:lib\services\shared_preferences.dart
DA:4,1
DA:5,1
DA:8,1
DA:12,2
DA:15,1
DA:16,2
LF:6
LH:6
end_of_record
SF:lib\states\app_preferences.dart
DA:10,1
DA:15,2
DA:20,1
DA:21,2
DA:22,2
DA:24,2
DA:25,2
DA:27,3
DA:32,2
DA:34,1
DA:35,1
DA:36,2
DA:37,4
DA:39,1
DA:44,2
DA:46,1
DA:47,1
DA:49,2
DA:50,3
DA:53,1
DA:58,2
DA:60,1
DA:61,1
DA:63,2
DA:64,4
DA:67,1
LF:26
LH:26
end_of_record
SF:lib\helpers\string_to_color_pallete.dart
DA:4,1
DA:7,2
DA:8,5
DA:14,0
LF:4
LH:3
end_of_record
SF:lib\helpers\string_to_theme_mode.dart
DA:4,1
DA:7,2
DA:8,5
DA:13,0
LF:4
LH:3
end_of_record
